{"C:\\Users\\young hwan\\Desktop\\precourse\\javascript-baseball-6\\src\\App.js": {"path":"C:\\Users\\young hwan\\Desktop\\precourse\\javascript-baseball-6\\src\\App.js","statementMap":{"0":{"start":{"line":7,"column":13},"end":{"line":7,"column":22}},"1":{"start":{"line":8,"column":0},"end":{"line":8,"column":12}}},"fnMap":{"0":{"name":"(anonymous_0)","decl":{"start":{"line":4,"column":2},"end":{"line":4,"column":3}},"loc":{"start":{"line":4,"column":15},"end":{"line":4,"column":17}},"line":4}},"branchMap":{},"s":{"0":1,"1":1},"f":{"0":3},"b":{},"_coverageSchema":"1a1c01bbd47fc00a2c39e90264f33305004495a9","hash":"072f1b8e16f90d004d7f5863ef5412d460b46960"}
}
